<?xml version="1.0" encoding="UTF-8"?>
<testng-results ignored="0" total="2" passed="2" failed="0" skipped="0">
  <reporter-output>
  </reporter-output>
  <suite started-at="2023-12-04T10:55:14 IST" name="Default suite" finished-at="2023-12-04T10:55:14 IST" duration-ms="54">
    <groups>
    </groups>
    <test started-at="2023-12-04T10:55:14 IST" name="Default test" finished-at="2023-12-04T10:55:14 IST" duration-ms="54">
      <class name="Hexaware_First_Project.TestNGFirstPractice">
        <test-method is-config="true" signature="beforetest()[pri:0, instance:Hexaware_First_Project.TestNGFirstPractice@4d0f2471]" started-at="2023-12-04T10:55:14 IST" name="beforetest" finished-at="2023-12-04T10:55:14 IST" duration-ms="6" status="PASS">
          <reporter-output>
          </reporter-output>
        </test-method> <!-- beforetest -->
        <test-method is-config="true" signature="beforeMethod()[pri:0, instance:Hexaware_First_Project.TestNGFirstPractice@4d0f2471]" started-at="2023-12-04T10:55:14 IST" name="beforeMethod" finished-at="2023-12-04T10:55:14 IST" duration-ms="0" status="PASS">
          <reporter-output>
          </reporter-output>
        </test-method> <!-- beforeMethod -->
        <test-method signature="test1()[pri:0, instance:Hexaware_First_Project.TestNGFirstPractice@4d0f2471]" started-at="2023-12-04T10:55:14 IST" name="test1" finished-at="2023-12-04T10:55:14 IST" duration-ms="6" status="PASS">
          <reporter-output>
          </reporter-output>
        </test-method> <!-- test1 -->
        <test-method is-config="true" signature="afterMethod()[pri:0, instance:Hexaware_First_Project.TestNGFirstPractice@4d0f2471]" started-at="2023-12-04T10:55:14 IST" name="afterMethod" finished-at="2023-12-04T10:55:14 IST" duration-ms="0" status="PASS">
          <reporter-output>
          </reporter-output>
        </test-method> <!-- afterMethod -->
        <test-method is-config="true" signature="beforeMethod()[pri:0, instance:Hexaware_First_Project.TestNGFirstPractice@4d0f2471]" started-at="2023-12-04T10:55:14 IST" name="beforeMethod" finished-at="2023-12-04T10:55:14 IST" duration-ms="0" status="PASS">
          <reporter-output>
          </reporter-output>
        </test-method> <!-- beforeMethod -->
        <test-method signature="test2()[pri:0, instance:Hexaware_First_Project.TestNGFirstPractice@4d0f2471]" started-at="2023-12-04T10:55:14 IST" name="test2" finished-at="2023-12-04T10:55:14 IST" duration-ms="2" status="PASS">
          <reporter-output>
          </reporter-output>
        </test-method> <!-- test2 -->
        <test-method is-config="true" signature="afterMethod()[pri:0, instance:Hexaware_First_Project.TestNGFirstPractice@4d0f2471]" started-at="2023-12-04T10:55:14 IST" name="afterMethod" finished-at="2023-12-04T10:55:14 IST" duration-ms="0" status="PASS">
          <reporter-output>
          </reporter-output>
        </test-method> <!-- afterMethod -->
        <test-method is-config="true" signature="aftertest()[pri:0, instance:Hexaware_First_Project.TestNGFirstPractice@4d0f2471]" started-at="2023-12-04T10:55:14 IST" name="aftertest" finished-at="2023-12-04T10:55:14 IST" duration-ms="1" status="PASS">
          <reporter-output>
          </reporter-output>
        </test-method> <!-- aftertest -->
      </class> <!-- Hexaware_First_Project.TestNGFirstPractice -->
    </test> <!-- Default test -->
  </suite> <!-- Default suite -->
</testng-results>
